#<output: standard output /dev/pts/1>
#f
1 1
2 5
3 12
4 22
5 35
6 51
7 70
8 92
9 117
10 145
11 176
12 210
13 247
14 287
15 330
16 376
17 425
18 477
19 532
20 590
21 651
22 715
23 782
24 852
25 925
26 1001
27 1080
28 1162
29 1247
30 1335
31 1426
32 1520
33 1617
34 1717
35 1820
36 1926
37 2035
38 2147
39 2262
40 2380
41 2501
42 2625
43 2752
44 2882
45 3015
46 3151
47 3290
48 3432
49 3577
50 3725
51 3876
52 4030
53 4187
54 4347
55 4510
56 4676
57 4845
58 5017
59 5192
60 5370
61 5551
62 5735
63 5922
64 6112
65 6305
66 6501
67 6700
68 6902
69 7107
70 7315
71 7526
72 7740
73 7957
74 8177
75 8400
76 8626
77 8855
78 9087
79 9322
80 9560
81 9801
82 10045
83 10292
84 10542
85 10795
86 11051
87 11310
88 11572
89 11837
90 12105
91 12376
92 12650
93 12927
94 13207
95 13490
96 13776
97 14065
98 14357
99 14652
100 14950
101 15251
102 15555
103 15862
104 16172
105 16485
106 16801
107 17120
108 17442
109 17767
110 18095
111 18426
112 18760
113 19097
114 19437
115 19780
116 20126
117 20475
118 20827
119 21182
120 21540
121 21901
122 22265
123 22632
124 23002
125 23375
126 23751
127 24130
128 24512
129 24897
130 25285
131 25676
132 26070
133 26467
134 26867
135 27270
136 27676
137 28085
138 28497
139 28912
140 29330
141 29751
142 30175
143 30602
144 31032
145 31465
146 31901
147 32340
148 32782
149 33227
150 33675
151 34126
152 34580
153 35037
154 35497
155 35960
156 36426
157 36895
158 37367
159 37842
160 38320
161 38801
162 39285
163 39772
164 40262
165 40755
166 41251
167 41750
168 42252
169 42757
170 43265
171 43776
172 44290
173 44807
174 45327
175 45850
176 46376
177 46905
178 47437
179 47972
180 48510
181 49051
182 49595
183 50142
184 50692
185 51245
186 51801
187 52360
188 52922
189 53487
190 54055
191 54626
192 55200
193 55777
194 56357
195 56940
196 57526
197 58115
198 58707
199 59302
200 59900
201 60501
202 61105
203 61712
204 62322
205 62935
206 63551
207 64170
208 64792
209 65417
210 66045
211 66676
212 67310
213 67947
214 68587
215 69230
216 69876
217 70525
218 71177
219 71832
220 72490
221 73151
222 73815
223 74482
224 75152
225 75825
226 76501
227 77180
228 77862
229 78547
230 79235
231 79926
232 80620
233 81317
234 82017
235 82720
236 83426
237 84135
238 84847
239 85562
240 86280
241 87001
242 87725
243 88452
244 89182
245 89915
246 90651
247 91390
248 92132
249 92877
250 93625
251 94376
252 95130
253 95887
254 96647
255 97410
256 98176
257 98945
258 99717
259 100492
260 101270
261 102051
262 102835
263 103622
264 104412
265 105205
266 106001
267 106800
268 107602
269 108407
270 109215
271 110026
272 110840
273 111657
274 112477
275 113300
276 114126
277 114955
278 115787
279 116622
280 117460
281 118301
282 119145
283 119992
284 120842
285 121695
286 122551
287 123410
288 124272
289 125137
290 126005
291 126876
292 127750
293 128627
294 129507
295 130390
296 131276
297 132165
298 133057
299 133952
300 134850
